<?xml version="1.0" encoding="UTF-8"?>
<!-- Generated by org.testng.reporters.JUnitXMLReporter -->
<testsuite ignored="0" hostname="DESKTOP-28RBSED" failures="0" tests="3" name="Default test" time="11.325" errors="0" timestamp="2023-06-26T12:05:56 IST">
  <testcase classname="com.clickezy.base.base" name="lunch" time="8.382"/>
  <testcase classname="com.clickezy.base.base" name="SelectCity" time="0.289"/>
  <testcase classname="com.clickezy.base.base" name="SignUp" time="2.567"/>
</testsuite> <!-- Default test -->
