<?xml version="1.0" encoding="UTF-8"?>
<testng-results ignored="0" total="1" passed="1" failed="0" skipped="0">
  <reporter-output>
  </reporter-output>
  <suite started-at="2023-06-27T18:18:06 IST" name="Default suite" finished-at="2023-06-27T18:19:02 IST" duration-ms="55822">
    <groups>
    </groups>
    <test started-at="2023-06-27T18:18:06 IST" name="Default test" finished-at="2023-06-27T18:19:02 IST" duration-ms="55822">
      <class name="com.clickezy.test.signup.Signup">
        <test-method signature="signup()[pri:0, instance:com.clickezy.test.signup.Signup@e056f20]" started-at="2023-06-27T18:18:06 IST" name="signup" finished-at="2023-06-27T18:19:02 IST" duration-ms="55745" status="PASS">
          <reporter-output>
          </reporter-output>
        </test-method> <!-- signup -->
      </class> <!-- com.clickezy.test.signup.Signup -->
    </test> <!-- Default test -->
  </suite> <!-- Default suite -->
</testng-results>
